\BOOKMARK [1][-]{section*.2}{\376\377\004\022\004\041\004\042\004\043\004\037}{}% 1
\BOOKMARK [1][-]{section.1}{\376\377\004\034\004\065\004\102\004\076\004\064\004\070\004\072\004\060\000\040\004\064\004\076\004\101\004\073\004\126\004\064\004\066\004\065\004\075\004\075\004\117}{}% 2
\BOOKMARK [2][-]{subsection.1.1}{\376\377\004\041\004\102\004\100\004\060\004\102\004\065\004\063\004\126\004\117\000\040\004\077\004\076\004\110\004\103\004\072\004\103\000\040\004\102\004\060\000\040\004\104\004\076\004\100\004\074\004\103\004\062\004\060\004\075\004\075\004\117\000\040\004\062\004\070\004\061\004\126\004\100\004\072\004\070}{section.1}% 3
\BOOKMARK [2][-]{subsection.1.2}{\376\377\004\020\004\075\004\060\004\073\004\126\004\067\000\040\004\067\004\060\004\101\004\076\004\061\004\060\004\074\004\070\000\040\000V\000O\000S\000V\000i\000e\000w\000e\000r}{section.1}% 4
\BOOKMARK [2][-]{subsection.1.3}{\376\377\004\020\004\075\004\060\004\073\004\126\004\102\004\070\004\107\004\075\004\060\000\040\004\101\004\070\004\101\004\102\004\065\004\074\004\060\000\040\000P\000y\000t\000h\000o\000n}{section.1}% 5
\BOOKMARK [2][-]{subsection.1.4}{\376\377\004\022\004\070\004\072\004\076\004\100\004\070\004\101\004\102\004\060\004\075\004\075\004\117\000\040\004\063\004\065\004\075\004\065\004\100\004\060\004\102\004\070\004\062\004\075\004\076\004\063\004\076\000\040\004\110\004\102\004\103\004\107\004\075\004\076\004\063\004\076\000\040\004\126\004\075\004\102\004\065\004\073\004\065\004\072\004\102\004\103}{section.1}% 6
\BOOKMARK [1][-]{section.2}{\376\377\004\040\004\065\004\067\004\103\004\073\004\114\004\102\004\060\004\102\004\070\000\040\004\061\004\126\004\061\004\073\004\126\004\076\004\074\004\065\004\102\004\100\004\070\004\107\004\075\004\076\004\063\004\076\000\040\004\060\004\075\004\060\004\073\004\126\004\067\004\103}{}% 7
\BOOKMARK [2][-]{subsection.2.1}{\376\377\004\036\004\077\004\070\004\101\004\076\004\062\004\060\000\040\004\101\004\102\004\060\004\102\004\070\004\101\004\102\004\070\004\072\004\060\000\040\004\062\004\070\004\061\004\126\004\100\004\072\004\070}{section.2}% 8
\BOOKMARK [2][-]{subsection.2.2}{\376\377\004\020\004\075\004\060\004\073\004\126\004\067\000\040\004\074\004\065\004\100\004\065\004\066\004\126\000\040\004\072\004\073\004\116\004\107\004\076\004\062\004\070\004\105\000\040\004\101\004\073\004\126\004\062\000\040\000V\000O\000S\000V\000i\000e\000w\000e\000r}{section.2}% 9
\BOOKMARK [2][-]{subsection.2.3}{\376\377\004\034\004\065\004\100\004\065\004\066\004\065\004\062\004\126\000\040\004\062\004\126\004\067\004\103\004\060\004\073\004\126\004\067\004\060\004\106\004\126\004\127}{section.2}% 10
\BOOKMARK [1][-]{section.3}{\376\377\004\037\004\076\004\100\004\126\004\062\004\075\004\117\004\073\004\114\004\075\004\070\004\071\000\040\004\060\004\075\004\060\004\073\004\126\004\067\000\040\004\100\004\065\004\067\004\103\004\073\004\114\004\102\004\060\004\102\004\126\004\062}{}% 11
\BOOKMARK [2][-]{subsection.3.1}{\376\377\004\022\004\126\004\064\004\102\004\062\004\076\004\100\004\065\004\075\004\075\004\117\000\040\004\102\004\065\004\072\004\101\004\102\004\076\004\062\004\076\004\063\004\076\000\040\004\060\004\075\004\060\004\073\004\126\004\067\004\103}{section.3}% 12
\BOOKMARK [2][-]{subsection.3.2}{\376\377\004\037\004\076\004\100\004\126\004\062\004\075\004\117\004\075\004\075\004\117\000\040\004\072\004\076\000-\004\062\004\105\004\076\004\064\004\066\004\065\004\075\004\114\000\040\004\102\004\060\000\040\000T\000o\000t\000a\000l\000\040\000L\000i\000n\000k\000\040\000S\000t\000r\000e\000n\000g\000t\000h}{section.3}% 13
\BOOKMARK [2][-]{subsection.3.3}{\376\377\004\037\004\076\004\100\004\126\004\062\004\075\004\117\004\075\004\075\004\117\000\040\004\072\004\073\004\060\004\101\004\102\004\065\004\100\004\070\004\067\004\060\004\106\004\126\004\127}{section.3}% 14
\BOOKMARK [2][-]{subsection.3.4}{\376\377\004\037\004\076\004\100\004\126\004\062\004\075\004\117\004\075\004\075\004\117\000\040\004\074\004\065\004\100\004\065\004\066\004\065\004\062\004\070\004\105\000\040\004\062\004\126\004\067\004\103\004\060\004\073\004\126\004\067\004\060\004\106\004\126\004\071}{section.3}% 15
\BOOKMARK [2][-]{subsection.3.5}{\376\377\004\037\004\126\004\064\004\101\004\103\004\074\004\076\004\072\000\040\004\077\004\076\004\100\004\126\004\062\004\075\004\117\004\075\004\075\004\117}{section.3}% 16
\BOOKMARK [1][-]{section*.18}{\376\377\004\022\004\030\004\041\004\035\004\036\004\022\004\032\004\030}{}% 17
\BOOKMARK [1][-]{section*.19}{\376\377\004\041\004\037\004\030\004\041\004\036\004\032\000\040\004\022\004\030\004\032\004\036\004\040\004\030\004\041\004\042\004\020\004\035\004\030\004\045\000\040\004\024\004\026\004\025\004\040\004\025\004\033}{}% 18
\BOOKMARK [1][-]{section*.19}{\376\377\004\024\004\036\004\024\004\020\004\042\004\032\004\030}{}% 19
\BOOKMARK [1][-]{appendix.Alph1}{\376\377\004\034\004\060\004\102\004\100\004\070\004\106\004\117\000\040\004\072\004\076\000-\004\062\004\105\004\076\004\064\004\066\004\065\004\075\004\114\000\040\004\072\004\073\004\116\004\107\004\076\004\062\004\070\004\105\000\040\004\101\004\073\004\126\004\062}{}% 20
\BOOKMARK [1][-]{appendix.Alph2}{\376\377\004\037\004\076\004\062\004\075\004\060\000\040\004\102\004\060\004\061\004\073\004\070\004\106\004\117\000\040\004\077\004\076\004\100\004\126\004\062\004\075\004\117\004\075\004\075\004\117\000\040\004\074\004\065\004\102\004\100\004\070\004\072}{}% 21
\BOOKMARK [1][-]{appendix.Alph3}{\376\377\004\036\004\077\004\070\004\101\000\040\004\072\004\073\004\060\004\101\004\102\004\065\004\100\004\126\004\062\000\040\000V\000O\000S\000V\000i\000e\000w\000e\000r}{}% 22
\BOOKMARK [1][-]{appendix.Alph4}{\376\377\004\024\004\065\004\072\004\073\004\060\004\100\004\060\004\106\004\126\004\117\000\040\004\077\004\100\004\076\000\040\004\062\004\070\004\072\004\076\004\100\004\070\004\101\004\102\004\060\004\075\004\075\004\117\000\040\004\063\004\065\004\075\004\065\004\100\004\060\004\102\004\070\004\062\004\075\004\076\004\063\004\076\000\040\004\050\004\006}{}% 23
